CRITICAL - 2025-09-26 05:56:26 --> ErrorException: Undefined array key "address"
[Method: GET, Route: editprofile]
in APPPATH\Views\frontend\Profile\editprofile.php on line 7.
 1 APPPATH\Views\frontend\Profile\editprofile.php(7): CodeIgniter\Debug\Exceptions->errorHandler(2, 'Undefined array key "address"', 'C:\\xampp\\htdocs\\ZayraKart\\app\\Views\\frontend\\Profile\\editprofile.php', 7)
 2 SYSTEMPATH\View\View.php(226): include('C:\\xampp\\htdocs\\ZayraKart\\app\\Views\\frontend\\Profile\\editprofile.php')
 3 SYSTEMPATH\View\View.php(229): CodeIgniter\View\View->CodeIgniter\View\{closure}()
 4 SYSTEMPATH\Common.php(1167): CodeIgniter\View\View->render('frontend/Profile/editprofile', [], true)
 5 APPPATH\Controllers\Home.php(83): view('frontend/Profile/editprofile', [...])
 6 SYSTEMPATH\CodeIgniter.php(933): App\Controllers\Home->editprofile()
 7 SYSTEMPATH\CodeIgniter.php(507): CodeIgniter\CodeIgniter->runController(Object(App\Controllers\Home))
 8 SYSTEMPATH\CodeIgniter.php(354): CodeIgniter\CodeIgniter->handleRequest(null, Object(Config\Cache), false)
 9 SYSTEMPATH\Boot.php(363): CodeIgniter\CodeIgniter->run()
10 SYSTEMPATH\Boot.php(68): CodeIgniter\Boot::runCodeIgniter(Object(CodeIgniter\CodeIgniter))
11 FCPATH\index.php(59): CodeIgniter\Boot::bootWeb(Object(Config\Paths))
CRITICAL - 2025-09-26 05:56:27 --> ErrorException: Undefined array key "address"
[Method: GET, Route: Profile]
in APPPATH\Views\frontend\Profile\index.php on line 33.
 1 APPPATH\Views\frontend\Profile\index.php(33): CodeIgniter\Debug\Exceptions->errorHandler(2, 'Undefined array key "address"', 'C:\\xampp\\htdocs\\ZayraKart\\app\\Views\\frontend\\Profile\\index.php', 33)
 2 SYSTEMPATH\View\View.php(226): include('C:\\xampp\\htdocs\\ZayraKart\\app\\Views\\frontend\\Profile\\index.php')
 3 SYSTEMPATH\View\View.php(229): CodeIgniter\View\View->CodeIgniter\View\{closure}()
 4 SYSTEMPATH\Common.php(1167): CodeIgniter\View\View->render('frontend/Profile/index', [], true)
 5 APPPATH\Controllers\Home.php(53): view('frontend/Profile/index', [...])
 6 SYSTEMPATH\CodeIgniter.php(933): App\Controllers\Home->Profile()
 7 SYSTEMPATH\CodeIgniter.php(507): CodeIgniter\CodeIgniter->runController(Object(App\Controllers\Home))
 8 SYSTEMPATH\CodeIgniter.php(354): CodeIgniter\CodeIgniter->handleRequest(null, Object(Config\Cache), false)
 9 SYSTEMPATH\Boot.php(363): CodeIgniter\CodeIgniter->run()
10 SYSTEMPATH\Boot.php(68): CodeIgniter\Boot::runCodeIgniter(Object(CodeIgniter\CodeIgniter))
11 FCPATH\index.php(59): CodeIgniter\Boot::bootWeb(Object(Config\Paths))
CRITICAL - 2025-09-26 05:56:39 --> ErrorException: Undefined array key "address"
[Method: GET, Route: Profile]
in APPPATH\Views\frontend\Profile\index.php on line 33.
 1 APPPATH\Views\frontend\Profile\index.php(33): CodeIgniter\Debug\Exceptions->errorHandler(2, 'Undefined array key "address"', 'C:\\xampp\\htdocs\\ZayraKart\\app\\Views\\frontend\\Profile\\index.php', 33)
 2 SYSTEMPATH\View\View.php(226): include('C:\\xampp\\htdocs\\ZayraKart\\app\\Views\\frontend\\Profile\\index.php')
 3 SYSTEMPATH\View\View.php(229): CodeIgniter\View\View->CodeIgniter\View\{closure}()
 4 SYSTEMPATH\Common.php(1167): CodeIgniter\View\View->render('frontend/Profile/index', [], true)
 5 APPPATH\Controllers\Home.php(53): view('frontend/Profile/index', [...])
 6 SYSTEMPATH\CodeIgniter.php(933): App\Controllers\Home->Profile()
 7 SYSTEMPATH\CodeIgniter.php(507): CodeIgniter\CodeIgniter->runController(Object(App\Controllers\Home))
 8 SYSTEMPATH\CodeIgniter.php(354): CodeIgniter\CodeIgniter->handleRequest(null, Object(Config\Cache), false)
 9 SYSTEMPATH\Boot.php(363): CodeIgniter\CodeIgniter->run()
10 SYSTEMPATH\Boot.php(68): CodeIgniter\Boot::runCodeIgniter(Object(CodeIgniter\CodeIgniter))
11 FCPATH\index.php(59): CodeIgniter\Boot::bootWeb(Object(Config\Paths))
CRITICAL - 2025-09-26 11:34:45 --> ErrorException: Undefined array key "product_name"
[Method: GET, Route: Profile]
in APPPATH\Views\frontend\Profile\index.php on line 118.
 1 APPPATH\Views\frontend\Profile\index.php(118): CodeIgniter\Debug\Exceptions->errorHandler(2, 'Undefined array key "product_name"', 'C:\\xampp\\htdocs\\ZayraKart\\app\\Views\\frontend\\Profile\\index.php', 118)
 2 SYSTEMPATH\View\View.php(226): include('C:\\xampp\\htdocs\\ZayraKart\\app\\Views\\frontend\\Profile\\index.php')
 3 SYSTEMPATH\View\View.php(229): CodeIgniter\View\View->CodeIgniter\View\{closure}()
 4 SYSTEMPATH\Common.php(1167): CodeIgniter\View\View->render('frontend/Profile/index', [], true)
 5 APPPATH\Controllers\Home.php(68): view('frontend/Profile/index', [...])
 6 SYSTEMPATH\CodeIgniter.php(933): App\Controllers\Home->Profile()
 7 SYSTEMPATH\CodeIgniter.php(507): CodeIgniter\CodeIgniter->runController(Object(App\Controllers\Home))
 8 SYSTEMPATH\CodeIgniter.php(354): CodeIgniter\CodeIgniter->handleRequest(null, Object(Config\Cache), false)
 9 SYSTEMPATH\Boot.php(363): CodeIgniter\CodeIgniter->run()
10 SYSTEMPATH\Boot.php(68): CodeIgniter\Boot::runCodeIgniter(Object(CodeIgniter\CodeIgniter))
11 FCPATH\index.php(59): CodeIgniter\Boot::bootWeb(Object(Config\Paths))
CRITICAL - 2025-09-26 11:36:05 --> ErrorException: Undefined array key 1
[Method: GET, Route: Profile]
in APPPATH\Views\frontend\Profile\index.php on line 154.
 1 APPPATH\Views\frontend\Profile\index.php(154): CodeIgniter\Debug\Exceptions->errorHandler(2, 'Undefined array key 1', 'C:\\xampp\\htdocs\\ZayraKart\\app\\Views\\frontend\\Profile\\index.php', 154)
 2 SYSTEMPATH\View\View.php(226): include('C:\\xampp\\htdocs\\ZayraKart\\app\\Views\\frontend\\Profile\\index.php')
 3 SYSTEMPATH\View\View.php(229): CodeIgniter\View\View->CodeIgniter\View\{closure}()
 4 SYSTEMPATH\Common.php(1167): CodeIgniter\View\View->render('frontend/Profile/index', [], true)
 5 APPPATH\Controllers\Home.php(68): view('frontend/Profile/index', [...])
 6 SYSTEMPATH\CodeIgniter.php(933): App\Controllers\Home->Profile()
 7 SYSTEMPATH\CodeIgniter.php(507): CodeIgniter\CodeIgniter->runController(Object(App\Controllers\Home))
 8 SYSTEMPATH\CodeIgniter.php(354): CodeIgniter\CodeIgniter->handleRequest(null, Object(Config\Cache), false)
 9 SYSTEMPATH\Boot.php(363): CodeIgniter\CodeIgniter->run()
10 SYSTEMPATH\Boot.php(68): CodeIgniter\Boot::runCodeIgniter(Object(CodeIgniter\CodeIgniter))
11 FCPATH\index.php(59): CodeIgniter\Boot::bootWeb(Object(Config\Paths))
CRITICAL - 2025-09-26 11:52:32 --> ErrorException: include_once(../admin/found/connection.php): Failed to open stream: No such file or directory
[Method: GET, Route: Cart]
in APPPATH\Views\frontend\Cart\index.php on line 2.
 1 APPPATH\Views\frontend\Cart\index.php(2): CodeIgniter\Debug\Exceptions->errorHandler(2, 'include_once(../admin/found/connection.php): Failed to open stream: No such file or directory', 'C:\\xampp\\htdocs\\ZayraKart\\app\\Views\\frontend\\Cart\\index.php', 2)
 2 APPPATH\Views\frontend\Cart\index.php(2): include_once()
 3 SYSTEMPATH\View\View.php(226): include('C:\\xampp\\htdocs\\ZayraKart\\app\\Views\\frontend\\Cart\\index.php')
 4 SYSTEMPATH\View\View.php(229): CodeIgniter\View\View->CodeIgniter\View\{closure}()
 5 SYSTEMPATH\Common.php(1167): CodeIgniter\View\View->render('frontend/Cart/index', [], true)
 6 APPPATH\Controllers\Home.php(42): view('frontend/Cart/index')
 7 SYSTEMPATH\CodeIgniter.php(933): App\Controllers\Home->Cart()
 8 SYSTEMPATH\CodeIgniter.php(507): CodeIgniter\CodeIgniter->runController(Object(App\Controllers\Home))
 9 SYSTEMPATH\CodeIgniter.php(354): CodeIgniter\CodeIgniter->handleRequest(null, Object(Config\Cache), false)
10 SYSTEMPATH\Boot.php(363): CodeIgniter\CodeIgniter->run()
11 SYSTEMPATH\Boot.php(68): CodeIgniter\Boot::runCodeIgniter(Object(CodeIgniter\CodeIgniter))
12 FCPATH\index.php(59): CodeIgniter\Boot::bootWeb(Object(Config\Paths))
CRITICAL - 2025-09-26 11:52:50 --> ParseError: Unmatched '}'
[Method: GET, Route: Cart]
in APPPATH\Views\frontend\Cart\index.php on line 269.
 1 SYSTEMPATH\View\View.php(229): CodeIgniter\View\View->CodeIgniter\View\{closure}()
 2 SYSTEMPATH\Common.php(1167): CodeIgniter\View\View->render('frontend/Cart/index', [], true)
 3 APPPATH\Controllers\Home.php(42): view('frontend/Cart/index')
 4 SYSTEMPATH\CodeIgniter.php(933): App\Controllers\Home->Cart()
 5 SYSTEMPATH\CodeIgniter.php(507): CodeIgniter\CodeIgniter->runController(Object(App\Controllers\Home))
 6 SYSTEMPATH\CodeIgniter.php(354): CodeIgniter\CodeIgniter->handleRequest(null, Object(Config\Cache), false)
 7 SYSTEMPATH\Boot.php(363): CodeIgniter\CodeIgniter->run()
 8 SYSTEMPATH\Boot.php(68): CodeIgniter\Boot::runCodeIgniter(Object(CodeIgniter\CodeIgniter))
 9 FCPATH\index.php(59): CodeIgniter\Boot::bootWeb(Object(Config\Paths))
CRITICAL - 2025-09-26 11:53:09 --> ErrorException: Undefined variable $userid
[Method: GET, Route: Cart]
in APPPATH\Views\frontend\Cart\index.php on line 171.
 1 APPPATH\Views\frontend\Cart\index.php(171): CodeIgniter\Debug\Exceptions->errorHandler(2, 'Undefined variable $userid', 'C:\\xampp\\htdocs\\ZayraKart\\app\\Views\\frontend\\Cart\\index.php', 171)
 2 SYSTEMPATH\View\View.php(226): include('C:\\xampp\\htdocs\\ZayraKart\\app\\Views\\frontend\\Cart\\index.php')
 3 SYSTEMPATH\View\View.php(229): CodeIgniter\View\View->CodeIgniter\View\{closure}()
 4 SYSTEMPATH\Common.php(1167): CodeIgniter\View\View->render('frontend/Cart/index', [], true)
 5 APPPATH\Controllers\Home.php(42): view('frontend/Cart/index')
 6 SYSTEMPATH\CodeIgniter.php(933): App\Controllers\Home->Cart()
 7 SYSTEMPATH\CodeIgniter.php(507): CodeIgniter\CodeIgniter->runController(Object(App\Controllers\Home))
 8 SYSTEMPATH\CodeIgniter.php(354): CodeIgniter\CodeIgniter->handleRequest(null, Object(Config\Cache), false)
 9 SYSTEMPATH\Boot.php(363): CodeIgniter\CodeIgniter->run()
10 SYSTEMPATH\Boot.php(68): CodeIgniter\Boot::runCodeIgniter(Object(CodeIgniter\CodeIgniter))
11 FCPATH\index.php(59): CodeIgniter\Boot::bootWeb(Object(Config\Paths))
CRITICAL - 2025-09-26 13:46:03 --> ErrorException: Undefined variable $conn
[Method: GET, Route: shop]
in APPPATH\Views\frontend\include\sidebar.php on line 22.
 1 APPPATH\Views\frontend\include\sidebar.php(22): CodeIgniter\Debug\Exceptions->errorHandler(2, 'Undefined variable $conn', 'C:\\xampp\\htdocs\\ZayraKart\\app\\Views\\frontend\\include\\sidebar.php', 22)
 2 APPPATH\Views\frontend\shop.php(13): include_once('C:\\xampp\\htdocs\\ZayraKart\\app\\Views\\frontend\\include\\sidebar.php')
 3 SYSTEMPATH\View\View.php(226): include('C:\\xampp\\htdocs\\ZayraKart\\app\\Views\\frontend\\shop.php')
 4 SYSTEMPATH\View\View.php(229): CodeIgniter\View\View->CodeIgniter\View\{closure}()
 5 SYSTEMPATH\Common.php(1167): CodeIgniter\View\View->render('frontend/shop', [], true)
 6 APPPATH\Controllers\Home.php(47): view('frontend/shop', [...])
 7 SYSTEMPATH\CodeIgniter.php(933): App\Controllers\Home->shop()
 8 SYSTEMPATH\CodeIgniter.php(507): CodeIgniter\CodeIgniter->runController(Object(App\Controllers\Home))
 9 SYSTEMPATH\CodeIgniter.php(354): CodeIgniter\CodeIgniter->handleRequest(null, Object(Config\Cache), false)
10 SYSTEMPATH\Boot.php(363): CodeIgniter\CodeIgniter->run()
11 SYSTEMPATH\Boot.php(68): CodeIgniter\Boot::runCodeIgniter(Object(CodeIgniter\CodeIgniter))
12 FCPATH\index.php(59): CodeIgniter\Boot::bootWeb(Object(Config\Paths))
CRITICAL - 2025-09-26 13:52:03 --> ErrorException: Undefined variable $conn
[Method: GET, Route: shop]
in APPPATH\Views\frontend\include\sidebar.php on line 22.
 1 APPPATH\Views\frontend\include\sidebar.php(22): CodeIgniter\Debug\Exceptions->errorHandler(2, 'Undefined variable $conn', 'C:\\xampp\\htdocs\\ZayraKart\\app\\Views\\frontend\\include\\sidebar.php', 22)
 2 APPPATH\Views\frontend\shop.php(13): include_once('C:\\xampp\\htdocs\\ZayraKart\\app\\Views\\frontend\\include\\sidebar.php')
 3 SYSTEMPATH\View\View.php(226): include('C:\\xampp\\htdocs\\ZayraKart\\app\\Views\\frontend\\shop.php')
 4 SYSTEMPATH\View\View.php(229): CodeIgniter\View\View->CodeIgniter\View\{closure}()
 5 SYSTEMPATH\Common.php(1167): CodeIgniter\View\View->render('frontend/shop', [], true)
 6 APPPATH\Controllers\Home.php(48): view('frontend/shop', [...])
 7 SYSTEMPATH\CodeIgniter.php(933): App\Controllers\Home->shop()
 8 SYSTEMPATH\CodeIgniter.php(507): CodeIgniter\CodeIgniter->runController(Object(App\Controllers\Home))
 9 SYSTEMPATH\CodeIgniter.php(354): CodeIgniter\CodeIgniter->handleRequest(null, Object(Config\Cache), false)
10 SYSTEMPATH\Boot.php(363): CodeIgniter\CodeIgniter->run()
11 SYSTEMPATH\Boot.php(68): CodeIgniter\Boot::runCodeIgniter(Object(CodeIgniter\CodeIgniter))
12 FCPATH\index.php(59): CodeIgniter\Boot::bootWeb(Object(Config\Paths))
CRITICAL - 2025-09-26 13:53:33 --> ErrorException: Undefined variable $id
[Method: GET, Route: shop]
in APPPATH\Views\frontend\include\sidebar.php on line 19.
 1 APPPATH\Views\frontend\include\sidebar.php(19): CodeIgniter\Debug\Exceptions->errorHandler(2, 'Undefined variable $id', 'C:\\xampp\\htdocs\\ZayraKart\\app\\Views\\frontend\\include\\sidebar.php', 19)
 2 APPPATH\Views\frontend\shop.php(13): include_once('C:\\xampp\\htdocs\\ZayraKart\\app\\Views\\frontend\\include\\sidebar.php')
 3 SYSTEMPATH\View\View.php(226): include('C:\\xampp\\htdocs\\ZayraKart\\app\\Views\\frontend\\shop.php')
 4 SYSTEMPATH\View\View.php(229): CodeIgniter\View\View->CodeIgniter\View\{closure}()
 5 SYSTEMPATH\Common.php(1167): CodeIgniter\View\View->render('frontend/shop', [], true)
 6 APPPATH\Controllers\Home.php(48): view('frontend/shop', [...])
 7 SYSTEMPATH\CodeIgniter.php(933): App\Controllers\Home->shop()
 8 SYSTEMPATH\CodeIgniter.php(507): CodeIgniter\CodeIgniter->runController(Object(App\Controllers\Home))
 9 SYSTEMPATH\CodeIgniter.php(354): CodeIgniter\CodeIgniter->handleRequest(null, Object(Config\Cache), false)
10 SYSTEMPATH\Boot.php(363): CodeIgniter\CodeIgniter->run()
11 SYSTEMPATH\Boot.php(68): CodeIgniter\Boot::runCodeIgniter(Object(CodeIgniter\CodeIgniter))
12 FCPATH\index.php(59): CodeIgniter\Boot::bootWeb(Object(Config\Paths))
CRITICAL - 2025-09-26 13:53:51 --> ErrorException: Undefined variable $id
[Method: GET, Route: shop]
in APPPATH\Views\frontend\include\sidebar.php on line 19.
 1 APPPATH\Views\frontend\include\sidebar.php(19): CodeIgniter\Debug\Exceptions->errorHandler(2, 'Undefined variable $id', 'C:\\xampp\\htdocs\\ZayraKart\\app\\Views\\frontend\\include\\sidebar.php', 19)
 2 APPPATH\Views\frontend\shop.php(13): include_once('C:\\xampp\\htdocs\\ZayraKart\\app\\Views\\frontend\\include\\sidebar.php')
 3 SYSTEMPATH\View\View.php(226): include('C:\\xampp\\htdocs\\ZayraKart\\app\\Views\\frontend\\shop.php')
 4 SYSTEMPATH\View\View.php(229): CodeIgniter\View\View->CodeIgniter\View\{closure}()
 5 SYSTEMPATH\Common.php(1167): CodeIgniter\View\View->render('frontend/shop', [], true)
 6 APPPATH\Controllers\Home.php(48): view('frontend/shop', [...])
 7 SYSTEMPATH\CodeIgniter.php(933): App\Controllers\Home->shop()
 8 SYSTEMPATH\CodeIgniter.php(507): CodeIgniter\CodeIgniter->runController(Object(App\Controllers\Home))
 9 SYSTEMPATH\CodeIgniter.php(354): CodeIgniter\CodeIgniter->handleRequest(null, Object(Config\Cache), false)
10 SYSTEMPATH\Boot.php(363): CodeIgniter\CodeIgniter->run()
11 SYSTEMPATH\Boot.php(68): CodeIgniter\Boot::runCodeIgniter(Object(CodeIgniter\CodeIgniter))
12 FCPATH\index.php(59): CodeIgniter\Boot::bootWeb(Object(Config\Paths))
CRITICAL - 2025-09-26 13:53:52 --> ErrorException: Undefined variable $id
[Method: GET, Route: shop]
in APPPATH\Views\frontend\include\sidebar.php on line 19.
 1 APPPATH\Views\frontend\include\sidebar.php(19): CodeIgniter\Debug\Exceptions->errorHandler(2, 'Undefined variable $id', 'C:\\xampp\\htdocs\\ZayraKart\\app\\Views\\frontend\\include\\sidebar.php', 19)
 2 APPPATH\Views\frontend\shop.php(13): include_once('C:\\xampp\\htdocs\\ZayraKart\\app\\Views\\frontend\\include\\sidebar.php')
 3 SYSTEMPATH\View\View.php(226): include('C:\\xampp\\htdocs\\ZayraKart\\app\\Views\\frontend\\shop.php')
 4 SYSTEMPATH\View\View.php(229): CodeIgniter\View\View->CodeIgniter\View\{closure}()
 5 SYSTEMPATH\Common.php(1167): CodeIgniter\View\View->render('frontend/shop', [], true)
 6 APPPATH\Controllers\Home.php(48): view('frontend/shop', [...])
 7 SYSTEMPATH\CodeIgniter.php(933): App\Controllers\Home->shop()
 8 SYSTEMPATH\CodeIgniter.php(507): CodeIgniter\CodeIgniter->runController(Object(App\Controllers\Home))
 9 SYSTEMPATH\CodeIgniter.php(354): CodeIgniter\CodeIgniter->handleRequest(null, Object(Config\Cache), false)
10 SYSTEMPATH\Boot.php(363): CodeIgniter\CodeIgniter->run()
11 SYSTEMPATH\Boot.php(68): CodeIgniter\Boot::runCodeIgniter(Object(CodeIgniter\CodeIgniter))
12 FCPATH\index.php(59): CodeIgniter\Boot::bootWeb(Object(Config\Paths))
CRITICAL - 2025-09-26 13:53:52 --> ErrorException: Undefined variable $id
[Method: GET, Route: shop]
in APPPATH\Views\frontend\include\sidebar.php on line 19.
 1 APPPATH\Views\frontend\include\sidebar.php(19): CodeIgniter\Debug\Exceptions->errorHandler(2, 'Undefined variable $id', 'C:\\xampp\\htdocs\\ZayraKart\\app\\Views\\frontend\\include\\sidebar.php', 19)
 2 APPPATH\Views\frontend\shop.php(13): include_once('C:\\xampp\\htdocs\\ZayraKart\\app\\Views\\frontend\\include\\sidebar.php')
 3 SYSTEMPATH\View\View.php(226): include('C:\\xampp\\htdocs\\ZayraKart\\app\\Views\\frontend\\shop.php')
 4 SYSTEMPATH\View\View.php(229): CodeIgniter\View\View->CodeIgniter\View\{closure}()
 5 SYSTEMPATH\Common.php(1167): CodeIgniter\View\View->render('frontend/shop', [], true)
 6 APPPATH\Controllers\Home.php(48): view('frontend/shop', [...])
 7 SYSTEMPATH\CodeIgniter.php(933): App\Controllers\Home->shop()
 8 SYSTEMPATH\CodeIgniter.php(507): CodeIgniter\CodeIgniter->runController(Object(App\Controllers\Home))
 9 SYSTEMPATH\CodeIgniter.php(354): CodeIgniter\CodeIgniter->handleRequest(null, Object(Config\Cache), false)
10 SYSTEMPATH\Boot.php(363): CodeIgniter\CodeIgniter->run()
11 SYSTEMPATH\Boot.php(68): CodeIgniter\Boot::runCodeIgniter(Object(CodeIgniter\CodeIgniter))
12 FCPATH\index.php(59): CodeIgniter\Boot::bootWeb(Object(Config\Paths))
CRITICAL - 2025-09-26 14:07:35 --> ErrorException: Undefined variable $products
[Method: GET, Route: shop/NQ]
in APPPATH\Views\frontend\shop.php on line 18.
 1 APPPATH\Views\frontend\shop.php(18): CodeIgniter\Debug\Exceptions->errorHandler(2, 'Undefined variable $products', 'C:\\xampp\\htdocs\\ZayraKart\\app\\Views\\frontend\\shop.php', 18)
 2 SYSTEMPATH\View\View.php(226): include('C:\\xampp\\htdocs\\ZayraKart\\app\\Views\\frontend\\shop.php')
 3 SYSTEMPATH\View\View.php(229): CodeIgniter\View\View->CodeIgniter\View\{closure}()
 4 SYSTEMPATH\Common.php(1167): CodeIgniter\View\View->render('frontend/shop', [], true)
 5 APPPATH\Controllers\Home.php(53): view('frontend/shop', [...])
 6 SYSTEMPATH\CodeIgniter.php(933): App\Controllers\Home->shop('5')
 7 SYSTEMPATH\CodeIgniter.php(507): CodeIgniter\CodeIgniter->runController(Object(App\Controllers\Home))
 8 SYSTEMPATH\CodeIgniter.php(354): CodeIgniter\CodeIgniter->handleRequest(null, Object(Config\Cache), false)
 9 SYSTEMPATH\Boot.php(363): CodeIgniter\CodeIgniter->run()
10 SYSTEMPATH\Boot.php(68): CodeIgniter\Boot::runCodeIgniter(Object(CodeIgniter\CodeIgniter))
11 FCPATH\index.php(59): CodeIgniter\Boot::bootWeb(Object(Config\Paths))
CRITICAL - 2025-09-26 14:12:14 --> CodeIgniter\HTTP\Exceptions\HTTPException: Request URI segment is out of range: "2"
[Method: GET, Route: /]
in SYSTEMPATH\HTTP\URI.php on line 574.
 1 SYSTEMPATH\HTTP\URI.php(574): CodeIgniter\HTTP\Exceptions\HTTPException::forURISegmentOutOfRange(2)
 2 APPPATH\Views\frontend\include\head.php(13): CodeIgniter\HTTP\URI->getSegment(2)
 3 APPPATH\Views\frontend\index.php(8): include_once('C:\\xampp\\htdocs\\ZayraKart\\app\\Views\\frontend\\include\\head.php')
 4 SYSTEMPATH\View\View.php(226): include('C:\\xampp\\htdocs\\ZayraKart\\app\\Views\\frontend\\index.php')
 5 SYSTEMPATH\View\View.php(229): CodeIgniter\View\View->CodeIgniter\View\{closure}()
 6 SYSTEMPATH\Common.php(1167): CodeIgniter\View\View->render('frontend/index', [], true)
 7 APPPATH\Controllers\Home.php(25): view('frontend/index', [...])
 8 SYSTEMPATH\CodeIgniter.php(933): App\Controllers\Home->index()
 9 SYSTEMPATH\CodeIgniter.php(507): CodeIgniter\CodeIgniter->runController(Object(App\Controllers\Home))
10 SYSTEMPATH\CodeIgniter.php(354): CodeIgniter\CodeIgniter->handleRequest(null, Object(Config\Cache), false)
11 SYSTEMPATH\Boot.php(363): CodeIgniter\CodeIgniter->run()
12 SYSTEMPATH\Boot.php(68): CodeIgniter\Boot::runCodeIgniter(Object(CodeIgniter\CodeIgniter))
13 FCPATH\index.php(59): CodeIgniter\Boot::bootWeb(Object(Config\Paths))
CRITICAL - 2025-09-26 14:13:52 --> CodeIgniter\HTTP\Exceptions\HTTPException: Request URI segment is out of range: "2"
[Method: GET, Route: /]
in SYSTEMPATH\HTTP\URI.php on line 574.
 1 SYSTEMPATH\HTTP\URI.php(574): CodeIgniter\HTTP\Exceptions\HTTPException::forURISegmentOutOfRange(2)
 2 APPPATH\Views\frontend\include\head.php(13): CodeIgniter\HTTP\URI->getSegment(2)
 3 APPPATH\Views\frontend\index.php(8): include_once('C:\\xampp\\htdocs\\ZayraKart\\app\\Views\\frontend\\include\\head.php')
 4 SYSTEMPATH\View\View.php(226): include('C:\\xampp\\htdocs\\ZayraKart\\app\\Views\\frontend\\index.php')
 5 SYSTEMPATH\View\View.php(229): CodeIgniter\View\View->CodeIgniter\View\{closure}()
 6 SYSTEMPATH\Common.php(1167): CodeIgniter\View\View->render('frontend/index', [], true)
 7 APPPATH\Controllers\Home.php(25): view('frontend/index', [...])
 8 SYSTEMPATH\CodeIgniter.php(933): App\Controllers\Home->index()
 9 SYSTEMPATH\CodeIgniter.php(507): CodeIgniter\CodeIgniter->runController(Object(App\Controllers\Home))
10 SYSTEMPATH\CodeIgniter.php(354): CodeIgniter\CodeIgniter->handleRequest(null, Object(Config\Cache), false)
11 SYSTEMPATH\Boot.php(363): CodeIgniter\CodeIgniter->run()
12 SYSTEMPATH\Boot.php(68): CodeIgniter\Boot::runCodeIgniter(Object(CodeIgniter\CodeIgniter))
13 FCPATH\index.php(59): CodeIgniter\Boot::bootWeb(Object(Config\Paths))
CRITICAL - 2025-09-26 14:13:53 --> CodeIgniter\HTTP\Exceptions\HTTPException: Request URI segment is out of range: "2"
[Method: GET, Route: /]
in SYSTEMPATH\HTTP\URI.php on line 574.
 1 SYSTEMPATH\HTTP\URI.php(574): CodeIgniter\HTTP\Exceptions\HTTPException::forURISegmentOutOfRange(2)
 2 APPPATH\Views\frontend\include\head.php(13): CodeIgniter\HTTP\URI->getSegment(2)
 3 APPPATH\Views\frontend\index.php(8): include_once('C:\\xampp\\htdocs\\ZayraKart\\app\\Views\\frontend\\include\\head.php')
 4 SYSTEMPATH\View\View.php(226): include('C:\\xampp\\htdocs\\ZayraKart\\app\\Views\\frontend\\index.php')
 5 SYSTEMPATH\View\View.php(229): CodeIgniter\View\View->CodeIgniter\View\{closure}()
 6 SYSTEMPATH\Common.php(1167): CodeIgniter\View\View->render('frontend/index', [], true)
 7 APPPATH\Controllers\Home.php(25): view('frontend/index', [...])
 8 SYSTEMPATH\CodeIgniter.php(933): App\Controllers\Home->index()
 9 SYSTEMPATH\CodeIgniter.php(507): CodeIgniter\CodeIgniter->runController(Object(App\Controllers\Home))
10 SYSTEMPATH\CodeIgniter.php(354): CodeIgniter\CodeIgniter->handleRequest(null, Object(Config\Cache), false)
11 SYSTEMPATH\Boot.php(363): CodeIgniter\CodeIgniter->run()
12 SYSTEMPATH\Boot.php(68): CodeIgniter\Boot::runCodeIgniter(Object(CodeIgniter\CodeIgniter))
13 FCPATH\index.php(59): CodeIgniter\Boot::bootWeb(Object(Config\Paths))
CRITICAL - 2025-09-26 14:13:53 --> CodeIgniter\HTTP\Exceptions\HTTPException: Request URI segment is out of range: "2"
[Method: GET, Route: /]
in SYSTEMPATH\HTTP\URI.php on line 574.
 1 SYSTEMPATH\HTTP\URI.php(574): CodeIgniter\HTTP\Exceptions\HTTPException::forURISegmentOutOfRange(2)
 2 APPPATH\Views\frontend\include\head.php(13): CodeIgniter\HTTP\URI->getSegment(2)
 3 APPPATH\Views\frontend\index.php(8): include_once('C:\\xampp\\htdocs\\ZayraKart\\app\\Views\\frontend\\include\\head.php')
 4 SYSTEMPATH\View\View.php(226): include('C:\\xampp\\htdocs\\ZayraKart\\app\\Views\\frontend\\index.php')
 5 SYSTEMPATH\View\View.php(229): CodeIgniter\View\View->CodeIgniter\View\{closure}()
 6 SYSTEMPATH\Common.php(1167): CodeIgniter\View\View->render('frontend/index', [], true)
 7 APPPATH\Controllers\Home.php(25): view('frontend/index', [...])
 8 SYSTEMPATH\CodeIgniter.php(933): App\Controllers\Home->index()
 9 SYSTEMPATH\CodeIgniter.php(507): CodeIgniter\CodeIgniter->runController(Object(App\Controllers\Home))
10 SYSTEMPATH\CodeIgniter.php(354): CodeIgniter\CodeIgniter->handleRequest(null, Object(Config\Cache), false)
11 SYSTEMPATH\Boot.php(363): CodeIgniter\CodeIgniter->run()
12 SYSTEMPATH\Boot.php(68): CodeIgniter\Boot::runCodeIgniter(Object(CodeIgniter\CodeIgniter))
13 FCPATH\index.php(59): CodeIgniter\Boot::bootWeb(Object(Config\Paths))
CRITICAL - 2025-09-26 14:23:50 --> ErrorException: Undefined array key "categories"
[Method: GET, Route: contact]
in APPPATH\Controllers\Home.php on line 47.
 1 APPPATH\Controllers\Home.php(47): CodeIgniter\Debug\Exceptions->errorHandler(2, 'Undefined array key "categories"', 'C:\\xampp\\htdocs\\ZayraKart\\app\\Controllers\\Home.php', 47)
 2 SYSTEMPATH\CodeIgniter.php(933): App\Controllers\Home->contact()
 3 SYSTEMPATH\CodeIgniter.php(507): CodeIgniter\CodeIgniter->runController(Object(App\Controllers\Home))
 4 SYSTEMPATH\CodeIgniter.php(354): CodeIgniter\CodeIgniter->handleRequest(null, Object(Config\Cache), false)
 5 SYSTEMPATH\Boot.php(363): CodeIgniter\CodeIgniter->run()
 6 SYSTEMPATH\Boot.php(68): CodeIgniter\Boot::runCodeIgniter(Object(CodeIgniter\CodeIgniter))
 7 FCPATH\index.php(59): CodeIgniter\Boot::bootWeb(Object(Config\Paths))
CRITICAL - 2025-09-26 14:24:02 --> ErrorException: Undefined array key "categories"
[Method: GET, Route: contact]
in APPPATH\Controllers\Home.php on line 47.
 1 APPPATH\Controllers\Home.php(47): CodeIgniter\Debug\Exceptions->errorHandler(2, 'Undefined array key "categories"', 'C:\\xampp\\htdocs\\ZayraKart\\app\\Controllers\\Home.php', 47)
 2 SYSTEMPATH\CodeIgniter.php(933): App\Controllers\Home->contact()
 3 SYSTEMPATH\CodeIgniter.php(507): CodeIgniter\CodeIgniter->runController(Object(App\Controllers\Home))
 4 SYSTEMPATH\CodeIgniter.php(354): CodeIgniter\CodeIgniter->handleRequest(null, Object(Config\Cache), false)
 5 SYSTEMPATH\Boot.php(363): CodeIgniter\CodeIgniter->run()
 6 SYSTEMPATH\Boot.php(68): CodeIgniter\Boot::runCodeIgniter(Object(CodeIgniter\CodeIgniter))
 7 FCPATH\index.php(59): CodeIgniter\Boot::bootWeb(Object(Config\Paths))
CRITICAL - 2025-09-26 14:24:43 --> ErrorException: Undefined array key "categories"
[Method: GET, Route: contact]
in APPPATH\Controllers\Home.php on line 47.
 1 APPPATH\Controllers\Home.php(47): CodeIgniter\Debug\Exceptions->errorHandler(2, 'Undefined array key "categories"', 'C:\\xampp\\htdocs\\ZayraKart\\app\\Controllers\\Home.php', 47)
 2 SYSTEMPATH\CodeIgniter.php(933): App\Controllers\Home->contact()
 3 SYSTEMPATH\CodeIgniter.php(507): CodeIgniter\CodeIgniter->runController(Object(App\Controllers\Home))
 4 SYSTEMPATH\CodeIgniter.php(354): CodeIgniter\CodeIgniter->handleRequest(null, Object(Config\Cache), false)
 5 SYSTEMPATH\Boot.php(363): CodeIgniter\CodeIgniter->run()
 6 SYSTEMPATH\Boot.php(68): CodeIgniter\Boot::runCodeIgniter(Object(CodeIgniter\CodeIgniter))
 7 FCPATH\index.php(59): CodeIgniter\Boot::bootWeb(Object(Config\Paths))
CRITICAL - 2025-09-26 14:48:26 --> ErrorException: Undefined variable $userid
[Method: GET, Route: shop/MA]
in APPPATH\Views\frontend\productbtn.php on line 4.
 1 APPPATH\Views\frontend\productbtn.php(4): CodeIgniter\Debug\Exceptions->errorHandler(2, 'Undefined variable $userid', 'C:\\xampp\\htdocs\\ZayraKart\\app\\Views\\frontend\\productbtn.php', 4)
 2 APPPATH\Views\frontend\shop.php(31): include('C:\\xampp\\htdocs\\ZayraKart\\app\\Views\\frontend\\productbtn.php')
 3 SYSTEMPATH\View\View.php(226): include('C:\\xampp\\htdocs\\ZayraKart\\app\\Views\\frontend\\shop.php')
 4 SYSTEMPATH\View\View.php(229): CodeIgniter\View\View->CodeIgniter\View\{closure}()
 5 SYSTEMPATH\Common.php(1167): CodeIgniter\View\View->render('frontend/shop', [], true)
 6 APPPATH\Controllers\Home.php(44): view('frontend/shop', [...])
 7 SYSTEMPATH\CodeIgniter.php(933): App\Controllers\Home->shop('0')
 8 SYSTEMPATH\CodeIgniter.php(507): CodeIgniter\CodeIgniter->runController(Object(App\Controllers\Home))
 9 SYSTEMPATH\CodeIgniter.php(354): CodeIgniter\CodeIgniter->handleRequest(null, Object(Config\Cache), false)
10 SYSTEMPATH\Boot.php(363): CodeIgniter\CodeIgniter->run()
11 SYSTEMPATH\Boot.php(68): CodeIgniter\Boot::runCodeIgniter(Object(CodeIgniter\CodeIgniter))
12 FCPATH\index.php(59): CodeIgniter\Boot::bootWeb(Object(Config\Paths))
