CRITICAL - 2025-10-17 09:18:13 --> Error: Class "App\Controllers\MpdfLib" not found
[Method: GET, Route: admin/invoice]
in APPPATH\Controllers\invoice.php on line 11.
 1 SYSTEMPATH\CodeIgniter.php(933): App\Controllers\Invoice->index()
 2 SYSTEMPATH\CodeIgniter.php(507): CodeIgniter\CodeIgniter->runController(Object(App\Controllers\Invoice))
 3 SYSTEMPATH\CodeIgniter.php(354): CodeIgniter\CodeIgniter->handleRequest(null, Object(Config\Cache), false)
 4 SYSTEMPATH\Boot.php(363): CodeIgniter\CodeIgniter->run()
 5 SYSTEMPATH\Boot.php(68): CodeIgniter\Boot::runCodeIgniter(Object(CodeIgniter\CodeIgniter))
 6 FCPATH\index.php(59): CodeIgniter\Boot::bootWeb(Object(Config\Paths))
CRITICAL - 2025-10-17 09:18:42 --> Error: Class "App\Libraries\MpdfLibrary" not found
[Method: GET, Route: admin/invoice]
in APPPATH\Controllers\invoice.php on line 11.
 1 SYSTEMPATH\CodeIgniter.php(933): App\Controllers\Invoice->index()
 2 SYSTEMPATH\CodeIgniter.php(507): CodeIgniter\CodeIgniter->runController(Object(App\Controllers\Invoice))
 3 SYSTEMPATH\CodeIgniter.php(354): CodeIgniter\CodeIgniter->handleRequest(null, Object(Config\Cache), false)
 4 SYSTEMPATH\Boot.php(363): CodeIgniter\CodeIgniter->run()
 5 SYSTEMPATH\Boot.php(68): CodeIgniter\Boot::runCodeIgniter(Object(CodeIgniter\CodeIgniter))
 6 FCPATH\index.php(59): CodeIgniter\Boot::bootWeb(Object(Config\Paths))
CRITICAL - 2025-10-17 09:19:12 --> ErrorException: Declaration of Psr\Log\AbstractLogger::emergency($message, array $context = []) must be compatible with Psr\Log\LoggerInterface::emergency(Stringable|string $message, array $context = []): void
[Method: GET, Route: admin/invoice]
in APPPATH\Libraries\mpdf\vendor\psr\log\Psr\Log\AbstractLogger.php on line 22.
 1 [internal function]: CodeIgniter\Debug\Exceptions->shutdownHandler()
CRITICAL - 2025-10-17 09:49:02 --> ErrorException: Undefined array key ""
[Method: GET, Route: admin/invoice/ORD2]
in APPPATH\Views\backend\pdf\invoice.php on line 164.
 1 APPPATH\Views\backend\pdf\invoice.php(164): CodeIgniter\Debug\Exceptions->errorHandler(2, 'Undefined array key ""', 'C:\\xampp\\htdocs\\ZayraKart\\app\\Views\\backend\\pdf\\invoice.php', 164)
 2 SYSTEMPATH\View\View.php(226): include('C:\\xampp\\htdocs\\ZayraKart\\app\\Views\\backend\\pdf\\invoice.php')
 3 SYSTEMPATH\View\View.php(229): CodeIgniter\View\View->CodeIgniter\View\{closure}()
 4 SYSTEMPATH\Common.php(1167): CodeIgniter\View\View->render('backend/pdf/invoice', [], true)
 5 APPPATH\Controllers\invoice.php(17): view('backend/pdf/invoice', [...])
 6 SYSTEMPATH\CodeIgniter.php(933): App\Controllers\Invoice->index('ORD2')
 7 SYSTEMPATH\CodeIgniter.php(507): CodeIgniter\CodeIgniter->runController(Object(App\Controllers\Invoice))
 8 SYSTEMPATH\CodeIgniter.php(354): CodeIgniter\CodeIgniter->handleRequest(null, Object(Config\Cache), false)
 9 SYSTEMPATH\Boot.php(363): CodeIgniter\CodeIgniter->run()
10 SYSTEMPATH\Boot.php(68): CodeIgniter\Boot::runCodeIgniter(Object(CodeIgniter\CodeIgniter))
11 FCPATH\index.php(59): CodeIgniter\Boot::bootWeb(Object(Config\Paths))
CRITICAL - 2025-10-17 10:17:48 --> ErrorException: Undefined variable $address
[Method: GET, Route: admin/invoice/ORD2]
in APPPATH\Views\backend\pdf\invoice.php on line 218.
 1 APPPATH\Views\backend\pdf\invoice.php(218): CodeIgniter\Debug\Exceptions->errorHandler(2, 'Undefined variable $address', 'C:\\xampp\\htdocs\\ZayraKart\\app\\Views\\backend\\pdf\\invoice.php', 218)
 2 SYSTEMPATH\View\View.php(226): include('C:\\xampp\\htdocs\\ZayraKart\\app\\Views\\backend\\pdf\\invoice.php')
 3 SYSTEMPATH\View\View.php(229): CodeIgniter\View\View->CodeIgniter\View\{closure}()
 4 SYSTEMPATH\Common.php(1167): CodeIgniter\View\View->render('backend/pdf/invoice', [], true)
 5 APPPATH\Controllers\invoice.php(18): view('backend/pdf/invoice', [...])
 6 SYSTEMPATH\CodeIgniter.php(933): App\Controllers\Invoice->index('ORD2')
 7 SYSTEMPATH\CodeIgniter.php(507): CodeIgniter\CodeIgniter->runController(Object(App\Controllers\Invoice))
 8 SYSTEMPATH\CodeIgniter.php(354): CodeIgniter\CodeIgniter->handleRequest(null, Object(Config\Cache), false)
 9 SYSTEMPATH\Boot.php(363): CodeIgniter\CodeIgniter->run()
10 SYSTEMPATH\Boot.php(68): CodeIgniter\Boot::runCodeIgniter(Object(CodeIgniter\CodeIgniter))
11 FCPATH\index.php(59): CodeIgniter\Boot::bootWeb(Object(Config\Paths))
CRITICAL - 2025-10-17 11:13:14 --> ErrorException: Undefined variable $qr
[Method: GET, Route: admin/invoice/ORD2]
in APPPATH\Views\backend\pdf\invoice.php on line 189.
 1 APPPATH\Views\backend\pdf\invoice.php(189): CodeIgniter\Debug\Exceptions->errorHandler(2, 'Undefined variable $qr', 'C:\\xampp\\htdocs\\ZayraKart\\app\\Views\\backend\\pdf\\invoice.php', 189)
 2 SYSTEMPATH\View\View.php(226): include('C:\\xampp\\htdocs\\ZayraKart\\app\\Views\\backend\\pdf\\invoice.php')
 3 SYSTEMPATH\View\View.php(229): CodeIgniter\View\View->CodeIgniter\View\{closure}()
 4 SYSTEMPATH\Common.php(1167): CodeIgniter\View\View->render('backend/pdf/invoice', [], true)
 5 APPPATH\Controllers\invoice.php(39): view('backend/pdf/invoice', [...])
 6 SYSTEMPATH\CodeIgniter.php(933): App\Controllers\Invoice->index('ORD2')
 7 SYSTEMPATH\CodeIgniter.php(507): CodeIgniter\CodeIgniter->runController(Object(App\Controllers\Invoice))
 8 SYSTEMPATH\CodeIgniter.php(354): CodeIgniter\CodeIgniter->handleRequest(null, Object(Config\Cache), false)
 9 SYSTEMPATH\Boot.php(363): CodeIgniter\CodeIgniter->run()
10 SYSTEMPATH\Boot.php(68): CodeIgniter\Boot::runCodeIgniter(Object(CodeIgniter\CodeIgniter))
11 FCPATH\index.php(59): CodeIgniter\Boot::bootWeb(Object(Config\Paths))
CRITICAL - 2025-10-17 11:23:01 --> ErrorException: Undefined variable $orderid
[Method: GET, Route: admin/invoice/ORD1]
in APPPATH\Views\backend\pdf\invoice.php on line 5.
 1 APPPATH\Views\backend\pdf\invoice.php(5): CodeIgniter\Debug\Exceptions->errorHandler(2, 'Undefined variable $orderid', 'C:\\xampp\\htdocs\\ZayraKart\\app\\Views\\backend\\pdf\\invoice.php', 5)
 2 SYSTEMPATH\View\View.php(226): include('C:\\xampp\\htdocs\\ZayraKart\\app\\Views\\backend\\pdf\\invoice.php')
 3 SYSTEMPATH\View\View.php(229): CodeIgniter\View\View->CodeIgniter\View\{closure}()
 4 SYSTEMPATH\Common.php(1167): CodeIgniter\View\View->render('backend/pdf/invoice', [], true)
 5 APPPATH\Controllers\invoice.php(37): view('backend/pdf/invoice', [...])
 6 SYSTEMPATH\CodeIgniter.php(933): App\Controllers\Invoice->index('ORD1')
 7 SYSTEMPATH\CodeIgniter.php(507): CodeIgniter\CodeIgniter->runController(Object(App\Controllers\Invoice))
 8 SYSTEMPATH\CodeIgniter.php(354): CodeIgniter\CodeIgniter->handleRequest(null, Object(Config\Cache), false)
 9 SYSTEMPATH\Boot.php(363): CodeIgniter\CodeIgniter->run()
10 SYSTEMPATH\Boot.php(68): CodeIgniter\Boot::runCodeIgniter(Object(CodeIgniter\CodeIgniter))
11 FCPATH\index.php(59): CodeIgniter\Boot::bootWeb(Object(Config\Paths))
CRITICAL - 2025-10-17 11:25:10 --> ErrorException: include_once(C:\xampp\htdocs\ZayraKart\app\Libraries/phpqrcode/qrlib.php): Failed to open stream: No such file or directory
[Method: GET, Route: admin/invoice/ORD1]
in APPPATH\Views\backend\pdf\invoice.php on line 283.
 1 APPPATH\Views\backend\pdf\invoice.php(283): CodeIgniter\Debug\Exceptions->errorHandler(2, 'include_once(C:\\xampp\\htdocs\\ZayraKart\\app\\Libraries/phpqrcode/qrlib.php): Failed to open stream: No such file or directory', 'C:\\xampp\\htdocs\\ZayraKart\\app\\Views\\backend\\pdf\\invoice.php', 283)
 2 APPPATH\Views\backend\pdf\invoice.php(283): include_once()
 3 SYSTEMPATH\View\View.php(226): include('C:\\xampp\\htdocs\\ZayraKart\\app\\Views\\backend\\pdf\\invoice.php')
 4 SYSTEMPATH\View\View.php(229): CodeIgniter\View\View->CodeIgniter\View\{closure}()
 5 SYSTEMPATH\Common.php(1167): CodeIgniter\View\View->render('backend/pdf/invoice', [], true)
 6 APPPATH\Controllers\invoice.php(37): view('backend/pdf/invoice', [...])
 7 SYSTEMPATH\CodeIgniter.php(933): App\Controllers\Invoice->index('ORD1')
 8 SYSTEMPATH\CodeIgniter.php(507): CodeIgniter\CodeIgniter->runController(Object(App\Controllers\Invoice))
 9 SYSTEMPATH\CodeIgniter.php(354): CodeIgniter\CodeIgniter->handleRequest(null, Object(Config\Cache), false)
10 SYSTEMPATH\Boot.php(363): CodeIgniter\CodeIgniter->run()
11 SYSTEMPATH\Boot.php(68): CodeIgniter\Boot::runCodeIgniter(Object(CodeIgniter\CodeIgniter))
12 FCPATH\index.php(59): CodeIgniter\Boot::bootWeb(Object(Config\Paths))
CRITICAL - 2025-10-17 11:25:58 --> ErrorException: Undefined variable $qrBase64
[Method: GET, Route: admin/invoice/ORD1]
in APPPATH\Views\backend\pdf\invoice.php on line 291.
 1 APPPATH\Views\backend\pdf\invoice.php(291): CodeIgniter\Debug\Exceptions->errorHandler(2, 'Undefined variable $qrBase64', 'C:\\xampp\\htdocs\\ZayraKart\\app\\Views\\backend\\pdf\\invoice.php', 291)
 2 SYSTEMPATH\View\View.php(226): include('C:\\xampp\\htdocs\\ZayraKart\\app\\Views\\backend\\pdf\\invoice.php')
 3 SYSTEMPATH\View\View.php(229): CodeIgniter\View\View->CodeIgniter\View\{closure}()
 4 SYSTEMPATH\Common.php(1167): CodeIgniter\View\View->render('backend/pdf/invoice', [], true)
 5 APPPATH\Controllers\invoice.php(37): view('backend/pdf/invoice', [...])
 6 SYSTEMPATH\CodeIgniter.php(933): App\Controllers\Invoice->index('ORD1')
 7 SYSTEMPATH\CodeIgniter.php(507): CodeIgniter\CodeIgniter->runController(Object(App\Controllers\Invoice))
 8 SYSTEMPATH\CodeIgniter.php(354): CodeIgniter\CodeIgniter->handleRequest(null, Object(Config\Cache), false)
 9 SYSTEMPATH\Boot.php(363): CodeIgniter\CodeIgniter->run()
10 SYSTEMPATH\Boot.php(68): CodeIgniter\Boot::runCodeIgniter(Object(CodeIgniter\CodeIgniter))
11 FCPATH\index.php(59): CodeIgniter\Boot::bootWeb(Object(Config\Paths))
CRITICAL - 2025-10-17 11:26:57 --> ErrorException: Undefined variable $orderid
[Method: GET, Route: admin/invoice/ORD1]
in APPPATH\Controllers\invoice.php on line 36.
 1 APPPATH\Controllers\invoice.php(36): CodeIgniter\Debug\Exceptions->errorHandler(2, 'Undefined variable $orderid', 'C:\\xampp\\htdocs\\ZayraKart\\app\\Controllers\\invoice.php', 36)
 2 SYSTEMPATH\CodeIgniter.php(933): App\Controllers\Invoice->index('ORD1')
 3 SYSTEMPATH\CodeIgniter.php(507): CodeIgniter\CodeIgniter->runController(Object(App\Controllers\Invoice))
 4 SYSTEMPATH\CodeIgniter.php(354): CodeIgniter\CodeIgniter->handleRequest(null, Object(Config\Cache), false)
 5 SYSTEMPATH\Boot.php(363): CodeIgniter\CodeIgniter->run()
 6 SYSTEMPATH\Boot.php(68): CodeIgniter\Boot::runCodeIgniter(Object(CodeIgniter\CodeIgniter))
 7 FCPATH\index.php(59): CodeIgniter\Boot::bootWeb(Object(Config\Paths))
CRITICAL - 2025-10-17 11:27:46 --> ErrorException: Undefined variable $qrBase64
[Method: GET, Route: admin/invoice/ORD1]
in APPPATH\Views\backend\pdf\invoice.php on line 291.
 1 APPPATH\Views\backend\pdf\invoice.php(291): CodeIgniter\Debug\Exceptions->errorHandler(2, 'Undefined variable $qrBase64', 'C:\\xampp\\htdocs\\ZayraKart\\app\\Views\\backend\\pdf\\invoice.php', 291)
 2 SYSTEMPATH\View\View.php(226): include('C:\\xampp\\htdocs\\ZayraKart\\app\\Views\\backend\\pdf\\invoice.php')
 3 SYSTEMPATH\View\View.php(229): CodeIgniter\View\View->CodeIgniter\View\{closure}()
 4 SYSTEMPATH\Common.php(1167): CodeIgniter\View\View->render('backend/pdf/invoice', [], true)
 5 APPPATH\Controllers\invoice.php(42): view('backend/pdf/invoice', [...])
 6 SYSTEMPATH\CodeIgniter.php(933): App\Controllers\Invoice->index('ORD1')
 7 SYSTEMPATH\CodeIgniter.php(507): CodeIgniter\CodeIgniter->runController(Object(App\Controllers\Invoice))
 8 SYSTEMPATH\CodeIgniter.php(354): CodeIgniter\CodeIgniter->handleRequest(null, Object(Config\Cache), false)
 9 SYSTEMPATH\Boot.php(363): CodeIgniter\CodeIgniter->run()
10 SYSTEMPATH\Boot.php(68): CodeIgniter\Boot::runCodeIgniter(Object(CodeIgniter\CodeIgniter))
11 FCPATH\index.php(59): CodeIgniter\Boot::bootWeb(Object(Config\Paths))
CRITICAL - 2025-10-17 11:29:09 --> ErrorException: Undefined variable $total
[Method: GET, Route: admin/invoice/ORD1]
in APPPATH\Controllers\invoice.php on line 31.
 1 APPPATH\Controllers\invoice.php(31): CodeIgniter\Debug\Exceptions->errorHandler(2, 'Undefined variable $total', 'C:\\xampp\\htdocs\\ZayraKart\\app\\Controllers\\invoice.php', 31)
 2 SYSTEMPATH\CodeIgniter.php(933): App\Controllers\Invoice->index('ORD1')
 3 SYSTEMPATH\CodeIgniter.php(507): CodeIgniter\CodeIgniter->runController(Object(App\Controllers\Invoice))
 4 SYSTEMPATH\CodeIgniter.php(354): CodeIgniter\CodeIgniter->handleRequest(null, Object(Config\Cache), false)
 5 SYSTEMPATH\Boot.php(363): CodeIgniter\CodeIgniter->run()
 6 SYSTEMPATH\Boot.php(68): CodeIgniter\Boot::runCodeIgniter(Object(CodeIgniter\CodeIgniter))
 7 FCPATH\index.php(59): CodeIgniter\Boot::bootWeb(Object(Config\Paths))
