CRITICAL - 2025-10-23 06:14:59 --> TypeError: count(): Argument #1 ($value) must be of type Countable|array, null given
[Method: GET, Route: admin/returned_orders]
in APPPATH\Views\backend\returned_orders.php on line 63.
 1 SYSTEMPATH\View\View.php(226): include()
 2 SYSTEMPATH\View\View.php(229): CodeIgniter\View\View->CodeIgniter\View\{closure}()
 3 SYSTEMPATH\Common.php(1167): CodeIgniter\View\View->render('backend/returned_orders', [], true)
 4 APPPATH\Controllers\Admin.php(496): view('backend/returned_orders', [...])
 5 SYSTEMPATH\CodeIgniter.php(933): App\Controllers\Admin->returned_orders()
 6 SYSTEMPATH\CodeIgniter.php(507): CodeIgniter\CodeIgniter->runController(Object(App\Controllers\Admin))
 7 SYSTEMPATH\CodeIgniter.php(354): CodeIgniter\CodeIgniter->handleRequest(null, Object(Config\Cache), false)
 8 SYSTEMPATH\Boot.php(363): CodeIgniter\CodeIgniter->run()
 9 SYSTEMPATH\Boot.php(68): CodeIgniter\Boot::runCodeIgniter(Object(CodeIgniter\CodeIgniter))
10 FCPATH\index.php(59): CodeIgniter\Boot::bootWeb(Object(Config\Paths))
CRITICAL - 2025-10-23 06:14:59 --> [Caused by] ErrorException: Undefined variable $returnedOrders
in APPPATH\Views\backend\returned_orders.php on line 63.
 1 APPPATH\Views\backend\returned_orders.php(63): CodeIgniter\Debug\Exceptions->errorHandler(2, 'Undefined variable $returnedOrders', 'C:\\xampp\\htdocs\\ZayraKart\\app\\Views\\backend\\returned_orders.php', 63)
 2 SYSTEMPATH\View\View.php(226): include('C:\\xampp\\htdocs\\ZayraKart\\app\\Views\\backend\\returned_orders.php')
 3 SYSTEMPATH\View\View.php(229): CodeIgniter\View\View->CodeIgniter\View\{closure}()
 4 SYSTEMPATH\Common.php(1167): CodeIgniter\View\View->render('backend/returned_orders', [], true)
 5 APPPATH\Controllers\Admin.php(496): view('backend/returned_orders', [...])
 6 SYSTEMPATH\CodeIgniter.php(933): App\Controllers\Admin->returned_orders()
 7 SYSTEMPATH\CodeIgniter.php(507): CodeIgniter\CodeIgniter->runController(Object(App\Controllers\Admin))
 8 SYSTEMPATH\CodeIgniter.php(354): CodeIgniter\CodeIgniter->handleRequest(null, Object(Config\Cache), false)
 9 SYSTEMPATH\Boot.php(363): CodeIgniter\CodeIgniter->run()
10 SYSTEMPATH\Boot.php(68): CodeIgniter\Boot::runCodeIgniter(Object(CodeIgniter\CodeIgniter))
11 FCPATH\index.php(59): CodeIgniter\Boot::bootWeb(Object(Config\Paths))
CRITICAL - 2025-10-23 06:15:49 --> TypeError: count(): Argument #1 ($value) must be of type Countable|array, null given
[Method: GET, Route: admin/returned_orders]
in APPPATH\Views\backend\returned_orders.php on line 63.
 1 SYSTEMPATH\View\View.php(226): include()
 2 SYSTEMPATH\View\View.php(229): CodeIgniter\View\View->CodeIgniter\View\{closure}()
 3 SYSTEMPATH\Common.php(1167): CodeIgniter\View\View->render('backend/returned_orders', [], true)
 4 APPPATH\Controllers\Admin.php(496): view('backend/returned_orders', [...])
 5 SYSTEMPATH\CodeIgniter.php(933): App\Controllers\Admin->returned_orders()
 6 SYSTEMPATH\CodeIgniter.php(507): CodeIgniter\CodeIgniter->runController(Object(App\Controllers\Admin))
 7 SYSTEMPATH\CodeIgniter.php(354): CodeIgniter\CodeIgniter->handleRequest(null, Object(Config\Cache), false)
 8 SYSTEMPATH\Boot.php(363): CodeIgniter\CodeIgniter->run()
 9 SYSTEMPATH\Boot.php(68): CodeIgniter\Boot::runCodeIgniter(Object(CodeIgniter\CodeIgniter))
10 FCPATH\index.php(59): CodeIgniter\Boot::bootWeb(Object(Config\Paths))
CRITICAL - 2025-10-23 06:15:49 --> [Caused by] ErrorException: Undefined variable $returnedOrders
in APPPATH\Views\backend\returned_orders.php on line 63.
 1 APPPATH\Views\backend\returned_orders.php(63): CodeIgniter\Debug\Exceptions->errorHandler(2, 'Undefined variable $returnedOrders', 'C:\\xampp\\htdocs\\ZayraKart\\app\\Views\\backend\\returned_orders.php', 63)
 2 SYSTEMPATH\View\View.php(226): include('C:\\xampp\\htdocs\\ZayraKart\\app\\Views\\backend\\returned_orders.php')
 3 SYSTEMPATH\View\View.php(229): CodeIgniter\View\View->CodeIgniter\View\{closure}()
 4 SYSTEMPATH\Common.php(1167): CodeIgniter\View\View->render('backend/returned_orders', [], true)
 5 APPPATH\Controllers\Admin.php(496): view('backend/returned_orders', [...])
 6 SYSTEMPATH\CodeIgniter.php(933): App\Controllers\Admin->returned_orders()
 7 SYSTEMPATH\CodeIgniter.php(507): CodeIgniter\CodeIgniter->runController(Object(App\Controllers\Admin))
 8 SYSTEMPATH\CodeIgniter.php(354): CodeIgniter\CodeIgniter->handleRequest(null, Object(Config\Cache), false)
 9 SYSTEMPATH\Boot.php(363): CodeIgniter\CodeIgniter->run()
10 SYSTEMPATH\Boot.php(68): CodeIgniter\Boot::runCodeIgniter(Object(CodeIgniter\CodeIgniter))
11 FCPATH\index.php(59): CodeIgniter\Boot::bootWeb(Object(Config\Paths))
CRITICAL - 2025-10-23 06:16:30 --> ErrorException: Undefined array key "order_id"
[Method: GET, Route: admin/returned_orders]
in APPPATH\Views\backend\returned_orders.php on line 92.
 1 APPPATH\Views\backend\returned_orders.php(92): CodeIgniter\Debug\Exceptions->errorHandler(2, 'Undefined array key "order_id"', 'C:\\xampp\\htdocs\\ZayraKart\\app\\Views\\backend\\returned_orders.php', 92)
 2 SYSTEMPATH\View\View.php(226): include('C:\\xampp\\htdocs\\ZayraKart\\app\\Views\\backend\\returned_orders.php')
 3 SYSTEMPATH\View\View.php(229): CodeIgniter\View\View->CodeIgniter\View\{closure}()
 4 SYSTEMPATH\Common.php(1167): CodeIgniter\View\View->render('backend/returned_orders', [], true)
 5 APPPATH\Controllers\Admin.php(496): view('backend/returned_orders', [...])
 6 SYSTEMPATH\CodeIgniter.php(933): App\Controllers\Admin->returned_orders()
 7 SYSTEMPATH\CodeIgniter.php(507): CodeIgniter\CodeIgniter->runController(Object(App\Controllers\Admin))
 8 SYSTEMPATH\CodeIgniter.php(354): CodeIgniter\CodeIgniter->handleRequest(null, Object(Config\Cache), false)
 9 SYSTEMPATH\Boot.php(363): CodeIgniter\CodeIgniter->run()
10 SYSTEMPATH\Boot.php(68): CodeIgniter\Boot::runCodeIgniter(Object(CodeIgniter\CodeIgniter))
11 FCPATH\index.php(59): CodeIgniter\Boot::bootWeb(Object(Config\Paths))
CRITICAL - 2025-10-23 06:16:31 --> ErrorException: Undefined array key "order_id"
[Method: GET, Route: admin/returned_orders]
in APPPATH\Views\backend\returned_orders.php on line 92.
 1 APPPATH\Views\backend\returned_orders.php(92): CodeIgniter\Debug\Exceptions->errorHandler(2, 'Undefined array key "order_id"', 'C:\\xampp\\htdocs\\ZayraKart\\app\\Views\\backend\\returned_orders.php', 92)
 2 SYSTEMPATH\View\View.php(226): include('C:\\xampp\\htdocs\\ZayraKart\\app\\Views\\backend\\returned_orders.php')
 3 SYSTEMPATH\View\View.php(229): CodeIgniter\View\View->CodeIgniter\View\{closure}()
 4 SYSTEMPATH\Common.php(1167): CodeIgniter\View\View->render('backend/returned_orders', [], true)
 5 APPPATH\Controllers\Admin.php(496): view('backend/returned_orders', [...])
 6 SYSTEMPATH\CodeIgniter.php(933): App\Controllers\Admin->returned_orders()
 7 SYSTEMPATH\CodeIgniter.php(507): CodeIgniter\CodeIgniter->runController(Object(App\Controllers\Admin))
 8 SYSTEMPATH\CodeIgniter.php(354): CodeIgniter\CodeIgniter->handleRequest(null, Object(Config\Cache), false)
 9 SYSTEMPATH\Boot.php(363): CodeIgniter\CodeIgniter->run()
10 SYSTEMPATH\Boot.php(68): CodeIgniter\Boot::runCodeIgniter(Object(CodeIgniter\CodeIgniter))
11 FCPATH\index.php(59): CodeIgniter\Boot::bootWeb(Object(Config\Paths))
CRITICAL - 2025-10-23 06:16:31 --> ErrorException: Undefined array key "order_id"
[Method: GET, Route: admin/returned_orders]
in APPPATH\Views\backend\returned_orders.php on line 92.
 1 APPPATH\Views\backend\returned_orders.php(92): CodeIgniter\Debug\Exceptions->errorHandler(2, 'Undefined array key "order_id"', 'C:\\xampp\\htdocs\\ZayraKart\\app\\Views\\backend\\returned_orders.php', 92)
 2 SYSTEMPATH\View\View.php(226): include('C:\\xampp\\htdocs\\ZayraKart\\app\\Views\\backend\\returned_orders.php')
 3 SYSTEMPATH\View\View.php(229): CodeIgniter\View\View->CodeIgniter\View\{closure}()
 4 SYSTEMPATH\Common.php(1167): CodeIgniter\View\View->render('backend/returned_orders', [], true)
 5 APPPATH\Controllers\Admin.php(496): view('backend/returned_orders', [...])
 6 SYSTEMPATH\CodeIgniter.php(933): App\Controllers\Admin->returned_orders()
 7 SYSTEMPATH\CodeIgniter.php(507): CodeIgniter\CodeIgniter->runController(Object(App\Controllers\Admin))
 8 SYSTEMPATH\CodeIgniter.php(354): CodeIgniter\CodeIgniter->handleRequest(null, Object(Config\Cache), false)
 9 SYSTEMPATH\Boot.php(363): CodeIgniter\CodeIgniter->run()
10 SYSTEMPATH\Boot.php(68): CodeIgniter\Boot::runCodeIgniter(Object(CodeIgniter\CodeIgniter))
11 FCPATH\index.php(59): CodeIgniter\Boot::bootWeb(Object(Config\Paths))
CRITICAL - 2025-10-23 06:27:54 --> ErrorException: Undefined variable $order
[Method: GET, Route: admin/returned_orders]
in APPPATH\Views\backend\returned_orders.php on line 98.
 1 APPPATH\Views\backend\returned_orders.php(98): CodeIgniter\Debug\Exceptions->errorHandler(2, 'Undefined variable $order', 'C:\\xampp\\htdocs\\ZayraKart\\app\\Views\\backend\\returned_orders.php', 98)
 2 SYSTEMPATH\View\View.php(226): include('C:\\xampp\\htdocs\\ZayraKart\\app\\Views\\backend\\returned_orders.php')
 3 SYSTEMPATH\View\View.php(229): CodeIgniter\View\View->CodeIgniter\View\{closure}()
 4 SYSTEMPATH\Common.php(1167): CodeIgniter\View\View->render('backend/returned_orders', [], true)
 5 APPPATH\Controllers\Admin.php(496): view('backend/returned_orders', [...])
 6 SYSTEMPATH\CodeIgniter.php(933): App\Controllers\Admin->returned_orders()
 7 SYSTEMPATH\CodeIgniter.php(507): CodeIgniter\CodeIgniter->runController(Object(App\Controllers\Admin))
 8 SYSTEMPATH\CodeIgniter.php(354): CodeIgniter\CodeIgniter->handleRequest(null, Object(Config\Cache), false)
 9 SYSTEMPATH\Boot.php(363): CodeIgniter\CodeIgniter->run()
10 SYSTEMPATH\Boot.php(68): CodeIgniter\Boot::runCodeIgniter(Object(CodeIgniter\CodeIgniter))
11 FCPATH\index.php(59): CodeIgniter\Boot::bootWeb(Object(Config\Paths))
CRITICAL - 2025-10-23 06:47:04 --> ErrorException: Undefined variable $address
[Method: GET, Route: admin/returned_orders]
in APPPATH\Views\backend\returned_orders.php on line 73.
 1 APPPATH\Views\backend\returned_orders.php(73): CodeIgniter\Debug\Exceptions->errorHandler(2, 'Undefined variable $address', 'C:\\xampp\\htdocs\\ZayraKart\\app\\Views\\backend\\returned_orders.php', 73)
 2 SYSTEMPATH\View\View.php(226): include('C:\\xampp\\htdocs\\ZayraKart\\app\\Views\\backend\\returned_orders.php')
 3 SYSTEMPATH\View\View.php(229): CodeIgniter\View\View->CodeIgniter\View\{closure}()
 4 SYSTEMPATH\Common.php(1167): CodeIgniter\View\View->render('backend/returned_orders', [], true)
 5 APPPATH\Controllers\Admin.php(496): view('backend/returned_orders', [...])
 6 SYSTEMPATH\CodeIgniter.php(933): App\Controllers\Admin->returned_orders()
 7 SYSTEMPATH\CodeIgniter.php(507): CodeIgniter\CodeIgniter->runController(Object(App\Controllers\Admin))
 8 SYSTEMPATH\CodeIgniter.php(354): CodeIgniter\CodeIgniter->handleRequest(null, Object(Config\Cache), false)
 9 SYSTEMPATH\Boot.php(363): CodeIgniter\CodeIgniter->run()
10 SYSTEMPATH\Boot.php(68): CodeIgniter\Boot::runCodeIgniter(Object(CodeIgniter\CodeIgniter))
11 FCPATH\index.php(59): CodeIgniter\Boot::bootWeb(Object(Config\Paths))
CRITICAL - 2025-10-23 06:47:13 --> ErrorException: Undefined variable $address
[Method: GET, Route: admin/returned_orders]
in APPPATH\Views\backend\returned_orders.php on line 73.
 1 APPPATH\Views\backend\returned_orders.php(73): CodeIgniter\Debug\Exceptions->errorHandler(2, 'Undefined variable $address', 'C:\\xampp\\htdocs\\ZayraKart\\app\\Views\\backend\\returned_orders.php', 73)
 2 SYSTEMPATH\View\View.php(226): include('C:\\xampp\\htdocs\\ZayraKart\\app\\Views\\backend\\returned_orders.php')
 3 SYSTEMPATH\View\View.php(229): CodeIgniter\View\View->CodeIgniter\View\{closure}()
 4 SYSTEMPATH\Common.php(1167): CodeIgniter\View\View->render('backend/returned_orders', [], true)
 5 APPPATH\Controllers\Admin.php(496): view('backend/returned_orders', [...])
 6 SYSTEMPATH\CodeIgniter.php(933): App\Controllers\Admin->returned_orders()
 7 SYSTEMPATH\CodeIgniter.php(507): CodeIgniter\CodeIgniter->runController(Object(App\Controllers\Admin))
 8 SYSTEMPATH\CodeIgniter.php(354): CodeIgniter\CodeIgniter->handleRequest(null, Object(Config\Cache), false)
 9 SYSTEMPATH\Boot.php(363): CodeIgniter\CodeIgniter->run()
10 SYSTEMPATH\Boot.php(68): CodeIgniter\Boot::runCodeIgniter(Object(CodeIgniter\CodeIgniter))
11 FCPATH\index.php(59): CodeIgniter\Boot::bootWeb(Object(Config\Paths))
CRITICAL - 2025-10-23 06:51:14 --> ErrorException: Undefined variable $ordersJson
[Method: GET, Route: admin/returned_orders]
in APPPATH\Views\backend\returned_orders.php on line 74.
 1 APPPATH\Views\backend\returned_orders.php(74): CodeIgniter\Debug\Exceptions->errorHandler(2, 'Undefined variable $ordersJson', 'C:\\xampp\\htdocs\\ZayraKart\\app\\Views\\backend\\returned_orders.php', 74)
 2 SYSTEMPATH\View\View.php(226): include('C:\\xampp\\htdocs\\ZayraKart\\app\\Views\\backend\\returned_orders.php')
 3 SYSTEMPATH\View\View.php(229): CodeIgniter\View\View->CodeIgniter\View\{closure}()
 4 SYSTEMPATH\Common.php(1167): CodeIgniter\View\View->render('backend/returned_orders', [], true)
 5 APPPATH\Controllers\Admin.php(496): view('backend/returned_orders', [...])
 6 SYSTEMPATH\CodeIgniter.php(933): App\Controllers\Admin->returned_orders()
 7 SYSTEMPATH\CodeIgniter.php(507): CodeIgniter\CodeIgniter->runController(Object(App\Controllers\Admin))
 8 SYSTEMPATH\CodeIgniter.php(354): CodeIgniter\CodeIgniter->handleRequest(null, Object(Config\Cache), false)
 9 SYSTEMPATH\Boot.php(363): CodeIgniter\CodeIgniter->run()
10 SYSTEMPATH\Boot.php(68): CodeIgniter\Boot::runCodeIgniter(Object(CodeIgniter\CodeIgniter))
11 FCPATH\index.php(59): CodeIgniter\Boot::bootWeb(Object(Config\Paths))
CRITICAL - 2025-10-23 06:52:36 --> ErrorException: Undefined variable $ordersJson
[Method: GET, Route: admin/returned_orders]
in APPPATH\Views\backend\returned_orders.php on line 74.
 1 APPPATH\Views\backend\returned_orders.php(74): CodeIgniter\Debug\Exceptions->errorHandler(2, 'Undefined variable $ordersJson', 'C:\\xampp\\htdocs\\ZayraKart\\app\\Views\\backend\\returned_orders.php', 74)
 2 SYSTEMPATH\View\View.php(226): include('C:\\xampp\\htdocs\\ZayraKart\\app\\Views\\backend\\returned_orders.php')
 3 SYSTEMPATH\View\View.php(229): CodeIgniter\View\View->CodeIgniter\View\{closure}()
 4 SYSTEMPATH\Common.php(1167): CodeIgniter\View\View->render('backend/returned_orders', [], true)
 5 APPPATH\Controllers\Admin.php(496): view('backend/returned_orders', [...])
 6 SYSTEMPATH\CodeIgniter.php(933): App\Controllers\Admin->returned_orders()
 7 SYSTEMPATH\CodeIgniter.php(507): CodeIgniter\CodeIgniter->runController(Object(App\Controllers\Admin))
 8 SYSTEMPATH\CodeIgniter.php(354): CodeIgniter\CodeIgniter->handleRequest(null, Object(Config\Cache), false)
 9 SYSTEMPATH\Boot.php(363): CodeIgniter\CodeIgniter->run()
10 SYSTEMPATH\Boot.php(68): CodeIgniter\Boot::runCodeIgniter(Object(CodeIgniter\CodeIgniter))
11 FCPATH\index.php(59): CodeIgniter\Boot::bootWeb(Object(Config\Paths))
CRITICAL - 2025-10-23 07:56:02 --> TypeError: CodeIgniter\Database\BaseBuilder::setBind(): Argument #1 ($key) must be of type string, int given, called in C:\xampp\htdocs\ZayraKart\system\Database\BaseBuilder.php on line 1575
[Method: POST, Route: buy/NA/MQ/buy]
in SYSTEMPATH\Database\BaseBuilder.php on line 3529.
 1 SYSTEMPATH\Database\BaseBuilder.php(1575): CodeIgniter\Database\BaseBuilder->setBind(0, [...], true)
 2 SYSTEMPATH\Database\BaseBuilder.php(2324): CodeIgniter\Database\BaseBuilder->set([...], '', true)
 3 APPPATH\Models\CommonModel.php(17): CodeIgniter\Database\BaseBuilder->insert([...])
 4 APPPATH\Controllers\Home.php(389): App\Models\CommonModel->insertData('buyproducts', [...])
 5 SYSTEMPATH\CodeIgniter.php(933): App\Controllers\Home->buy('4', '1', 'buy')
 6 SYSTEMPATH\CodeIgniter.php(507): CodeIgniter\CodeIgniter->runController(Object(App\Controllers\Home))
 7 SYSTEMPATH\CodeIgniter.php(354): CodeIgniter\CodeIgniter->handleRequest(null, Object(Config\Cache), false)
 8 SYSTEMPATH\Boot.php(363): CodeIgniter\CodeIgniter->run()
 9 SYSTEMPATH\Boot.php(68): CodeIgniter\Boot::runCodeIgniter(Object(CodeIgniter\CodeIgniter))
10 FCPATH\index.php(59): CodeIgniter\Boot::bootWeb(Object(Config\Paths))
CRITICAL - 2025-10-23 09:02:05 --> ErrorException: Undefined variable $inwords
[Method: GET, Route: admin/invoice/ORD3]
in APPPATH\Views\backend\pdf\invoice.php on line 269.
 1 APPPATH\Views\backend\pdf\invoice.php(269): CodeIgniter\Debug\Exceptions->errorHandler(2, 'Undefined variable $inwords', 'C:\\xampp\\htdocs\\ZayraKart\\app\\Views\\backend\\pdf\\invoice.php', 269)
 2 SYSTEMPATH\View\View.php(226): include('C:\\xampp\\htdocs\\ZayraKart\\app\\Views\\backend\\pdf\\invoice.php')
 3 SYSTEMPATH\View\View.php(229): CodeIgniter\View\View->CodeIgniter\View\{closure}()
 4 SYSTEMPATH\Common.php(1167): CodeIgniter\View\View->render('backend/pdf/invoice', [], true)
 5 APPPATH\Controllers\invoice.php(108): view('backend/pdf/invoice', [...])
 6 SYSTEMPATH\CodeIgniter.php(933): App\Controllers\Invoice->index('ORD3')
 7 SYSTEMPATH\CodeIgniter.php(507): CodeIgniter\CodeIgniter->runController(Object(App\Controllers\Invoice))
 8 SYSTEMPATH\CodeIgniter.php(354): CodeIgniter\CodeIgniter->handleRequest(null, Object(Config\Cache), false)
 9 SYSTEMPATH\Boot.php(363): CodeIgniter\CodeIgniter->run()
10 SYSTEMPATH\Boot.php(68): CodeIgniter\Boot::runCodeIgniter(Object(CodeIgniter\CodeIgniter))
11 FCPATH\index.php(59): CodeIgniter\Boot::bootWeb(Object(Config\Paths))
CRITICAL - 2025-10-23 09:19:22 --> ErrorException: rmdir(C:\xampp\htdocs\ZayraKart\public/backend/images/orderqr/): Directory not empty
[Method: GET, Route: admin/invoice/ORD3]
in APPPATH\Controllers\invoice.php on line 113.
 1 [internal function]: CodeIgniter\Debug\Exceptions->errorHandler(2, 'rmdir(C:\\xampp\\htdocs\\ZayraKart\\public/backend/images/orderqr/): Directory not empty', 'C:\\xampp\\htdocs\\ZayraKart\\app\\Controllers\\invoice.php', 113)
 2 APPPATH\Controllers\invoice.php(113): rmdir('C:\\xampp\\htdocs\\ZayraKart\\public/backend/images/orderqr/')
 3 SYSTEMPATH\CodeIgniter.php(933): App\Controllers\Invoice->index('ORD3')
 4 SYSTEMPATH\CodeIgniter.php(507): CodeIgniter\CodeIgniter->runController(Object(App\Controllers\Invoice))
 5 SYSTEMPATH\CodeIgniter.php(354): CodeIgniter\CodeIgniter->handleRequest(null, Object(Config\Cache), false)
 6 SYSTEMPATH\Boot.php(363): CodeIgniter\CodeIgniter->run()
 7 SYSTEMPATH\Boot.php(68): CodeIgniter\Boot::runCodeIgniter(Object(CodeIgniter\CodeIgniter))
 8 FCPATH\index.php(59): CodeIgniter\Boot::bootWeb(Object(Config\Paths))
CRITICAL - 2025-10-23 09:19:35 --> ErrorException: rmdir(C:\xampp\htdocs\ZayraKart\public/backend/images/orderqr/): Directory not empty
[Method: GET, Route: admin/invoice/ORD3]
in APPPATH\Controllers\invoice.php on line 113.
 1 [internal function]: CodeIgniter\Debug\Exceptions->errorHandler(2, 'rmdir(C:\\xampp\\htdocs\\ZayraKart\\public/backend/images/orderqr/): Directory not empty', 'C:\\xampp\\htdocs\\ZayraKart\\app\\Controllers\\invoice.php', 113)
 2 APPPATH\Controllers\invoice.php(113): rmdir('C:\\xampp\\htdocs\\ZayraKart\\public/backend/images/orderqr/')
 3 SYSTEMPATH\CodeIgniter.php(933): App\Controllers\Invoice->index('ORD3')
 4 SYSTEMPATH\CodeIgniter.php(507): CodeIgniter\CodeIgniter->runController(Object(App\Controllers\Invoice))
 5 SYSTEMPATH\CodeIgniter.php(354): CodeIgniter\CodeIgniter->handleRequest(null, Object(Config\Cache), false)
 6 SYSTEMPATH\Boot.php(363): CodeIgniter\CodeIgniter->run()
 7 SYSTEMPATH\Boot.php(68): CodeIgniter\Boot::runCodeIgniter(Object(CodeIgniter\CodeIgniter))
 8 FCPATH\index.php(59): CodeIgniter\Boot::bootWeb(Object(Config\Paths))
